c:\users\nachi\desktop\project\课设\dvd2\dvd2\x64\debug\vc143.pdb
c:\users\nachi\desktop\project\课设\dvd2\dvd2\x64\debug\vc143.idb
c:\users\nachi\desktop\project\课设\dvd2\dvd2\x64\debug\users.obj
c:\users\nachi\desktop\project\课设\dvd2\dvd2\x64\debug\time.obj
c:\users\nachi\desktop\project\课设\dvd2\dvd2\x64\debug\orilsit.obj
c:\users\nachi\desktop\project\课设\dvd2\dvd2\x64\debug\orilist.obj
c:\users\nachi\desktop\project\课设\dvd2\dvd2\x64\debug\main.obj
c:\users\nachi\desktop\project\课设\dvd2\dvd2\x64\debug\function.obj
c:\users\nachi\desktop\project\课设\dvd2\dvd2\x64\debug\dvd.obj
c:\users\nachi\desktop\project\课设\dvd2\x64\debug\dvd2.exe
c:\users\nachi\desktop\project\课设\dvd2\x64\debug\dvd2.pdb
c:\users\nachi\desktop\project\课设\dvd2\dvd2\x64\debug\dvd2.ilk
c:\users\nachi\desktop\project\课设\dvd2\dvd2\x64\debug\dvd2.tlog\cl.command.1.tlog
c:\users\nachi\desktop\project\课设\dvd2\dvd2\x64\debug\dvd2.tlog\cl.items.tlog
c:\users\nachi\desktop\project\课设\dvd2\dvd2\x64\debug\dvd2.tlog\cl.read.1.tlog
c:\users\nachi\desktop\project\课设\dvd2\dvd2\x64\debug\dvd2.tlog\cl.write.1.tlog
c:\users\nachi\desktop\project\课设\dvd2\dvd2\x64\debug\dvd2.tlog\link.command.1.tlog
c:\users\nachi\desktop\project\课设\dvd2\dvd2\x64\debug\dvd2.tlog\link.read.1.tlog
c:\users\nachi\desktop\project\课设\dvd2\dvd2\x64\debug\dvd2.tlog\link.secondary.1.tlog
c:\users\nachi\desktop\project\课设\dvd2\dvd2\x64\debug\dvd2.tlog\link.write.1.tlog
